<?xml version="1.0" encoding="UTF-8"?>
<!-- Generated by org.testng.reporters.JUnitReportReporter -->
<testsuite skipped="0" hostname="DS-SGH631RNND" name="basic_package.basic_class2" tests="5" failures="0" timestamp="11 Jan 2019 11:24:01 GMT" time="0.016" errors="0">
  <testcase name="MultipleRun" time="0.000" classname="basic_package.basic_class2"/>
  <testcase name="abc" time="0.000" classname="basic_package.basic_class2"/>
  <testcase name="MultipleRun" time="0.000" classname="basic_package.basic_class2"/>
  <testcase name="bc" time="0.016" classname="basic_package.basic_class2"/>
  <testcase name="MultipleRun" time="0.000" classname="basic_package.basic_class2"/>
</testsuite> <!-- basic_package.basic_class2 -->
