<?xml version="1.0" encoding="UTF-8"?>
<!-- Generated by org.testng.reporters.JUnitReportReporter -->
<testsuite skipped="0" hostname="DS-SGH631RNND" name="basic_package2.basic_class4" tests="2" failures="0" timestamp="11 Jan 2019 11:24:01 GMT" time="0.000" errors="0">
  <testcase name="basic5" time="0.000" classname="basic_package2.basic_class4"/>
  <testcase name="Demo123" time="0.000" classname="basic_package2.basic_class4"/>
</testsuite> <!-- basic_package2.basic_class4 -->
