<?xml version="1.0" encoding="UTF-8"?>
<!-- Generated by org.testng.reporters.JUnitReportReporter -->
<testsuite skipped="1" hostname="DS-SGH631RNND" name="basic_package.basic_class3" tests="5" failures="0" timestamp="11 Jan 2019 11:24:01 GMT" time="0.000" errors="0">
  <testcase name="basic4" time="0.000" classname="basic_package.basic_class3"/>
  <testcase name="edemo" time="0.000" classname="basic_package.basic_class3"/>
  <testcase name="demo" time="0.000" classname="basic_package.basic_class3"/>
  <testcase name="fdemo" time="0.000" classname="basic_package.basic_class3"/>
  <testcase name="gdemo" classname="basic_package.basic_class3">
    <skipped/>
  </testcase> <!-- gdemo -->
</testsuite> <!-- basic_package.basic_class3 -->
