<?xml version="1.0" encoding="UTF-8"?>
<!-- Generated by org.testng.reporters.JUnitReportReporter -->
<testsuite skipped="0" hostname="DS-SGH631RNND" name="basic_package.basic_class" tests="3" failures="0" timestamp="11 Jan 2019 11:24:01 GMT" time="0.000" errors="0">
  <testcase name="basic2" time="0.000" classname="basic_package.basic_class"/>
  <testcase name="demo" time="0.000" classname="basic_package.basic_class"/>
  <testcase name="basic" time="0.000" classname="basic_package.basic_class"/>
</testsuite> <!-- basic_package.basic_class -->
