<?xml version="1.0" encoding="UTF-8"?>
<!-- Generated by org.testng.reporters.JUnitReportReporter -->
<testsuite hostname="DS-SGH631RNND" name="Academy.HomePage" tests="2" failures="0" timestamp="23 Jan 2019 10:58:35 GMT" time="98.455" errors="0">
  <testcase name="Home" time="34.922" classname="Academy.HomePage"/>
  <testcase name="Home" time="63.533" classname="Academy.HomePage"/>
</testsuite> <!-- Academy.HomePage -->
