<?xml version="1.0" encoding="UTF-8"?>
<!-- Generated by org.testng.reporters.JUnitReportReporter -->
<testsuite hostname="DS-SGH631RNND" name="Academy.validateNavigationBar" tests="1" failures="0" timestamp="23 Jan 2019 10:58:35 GMT" time="11.974" errors="0">
  <testcase name="Navigation" time="11.974" classname="Academy.validateNavigationBar"/>
</testsuite> <!-- Academy.validateNavigationBar -->
